  GameMapObj.cpp
C:\Users\user\Desktop\2021128-3\Client2D\Include\Object\GameMapObj.cpp(1,1): warning C4819: 현재 코드 페이지(949)에서 표시할 수 없는 문자가 파일에 들어 있습니다. 데이터가 손실되지 않게 하려면 해당 파일을 유니코드 형식으로 저장하십시오.
C:\Users\user\Desktop\2021128-3\Client2D\Include\Object\Deck.h(206,44): warning C4244: '인수': 'double'에서 'float'(으)로 변환하면서 데이터가 손실될 수 있습니다.
C:\Users\user\Desktop\2021128-3\Client2D\Include\Object\Deck.h(343,1): warning C4267: '인수': 'size_t'에서 'int'(으)로 변환하면서 데이터가 손실될 수 있습니다.
C:\Users\user\Desktop\2021128-3\Client2D\Include\Object\Deck.h(358,1): warning C4267: '인수': 'size_t'에서 'int'(으)로 변환하면서 데이터가 손실될 수 있습니다.
C:\Users\user\Desktop\2021128-3\Client2D\Include\UI\GameMapWindow.h(89,1): warning C4267: '초기화 중': 'size_t'에서 'int'(으)로 변환하면서 데이터가 손실될 수 있습니다.
C:\Users\user\Desktop\2021128-3\Client2D\Include\Object\GameMapObj.h(665,1): warning C4267: 'return': 'size_t'에서 'int'(으)로 변환하면서 데이터가 손실될 수 있습니다.
C:\Users\user\Desktop\2021128-3\Client2D\Include\Object\GameMapObj.cpp(989,1): warning C4819: 현재 코드 페이지(949)에서 표시할 수 없는 문자가 파일에 들어 있습니다. 데이터가 손실되지 않게 하려면 해당 파일을 유니코드 형식으로 저장하십시오.
C:\Users\user\Desktop\2021128-3\Client2D\Include\Object\GameMapObj.cpp(1781,31): warning C4267: 'return': 'size_t'에서 'int'(으)로 변환하면서 데이터가 손실될 수 있습니다.
C:\Users\user\Desktop\2021128-3\Client2D\Include\Object\GameMapObj.cpp(1815,31): warning C4267: 'return': 'size_t'에서 'int'(으)로 변환하면서 데이터가 손실될 수 있습니다.
C:\Users\user\Desktop\2021128-3\Client2D\Include\Object\GameMapObj.cpp(1833,42): warning C4267: '초기화 중': 'size_t'에서 'int'(으)로 변환하면서 데이터가 손실될 수 있습니다.
C:\Users\user\Desktop\2021128-3\Client2D\Include\Object\GameMapObj.cpp(1873,41): warning C4267: '초기화 중': 'size_t'에서 'int'(으)로 변환하면서 데이터가 손실될 수 있습니다.
C:\Users\user\Desktop\2021128-3\Client2D\Include\Object\GameMapObj.cpp(1906,42): warning C4267: '초기화 중': 'size_t'에서 'int'(으)로 변환하면서 데이터가 손실될 수 있습니다.
C:\Users\user\Desktop\2021128-3\Client2D\Include\Object\GameMapObj.cpp(1946,41): warning C4267: '초기화 중': 'size_t'에서 'int'(으)로 변환하면서 데이터가 손실될 수 있습니다.
C:\Users\user\Desktop\2021128-3\Client2D\Include\Object\GameMapObj.cpp(2264,1): warning C4819: 현재 코드 페이지(949)에서 표시할 수 없는 문자가 파일에 들어 있습니다. 데이터가 손실되지 않게 하려면 해당 파일을 유니코드 형식으로 저장하십시오.
C:\Users\user\Desktop\2021128-3\Client2D\Include\Object\GameMapObj.cpp(2840,4): warning C4065: switch문에 'default'가 있으나 'case' 레이블이 없습니다.
C:\Users\user\Desktop\2021128-3\Client2D\Include\Object\GameMapObj.cpp(3716,1): warning C4819: 현재 코드 페이지(949)에서 표시할 수 없는 문자가 파일에 들어 있습니다. 데이터가 손실되지 않게 하려면 해당 파일을 유니코드 형식으로 저장하십시오.
C:\Users\user\Desktop\2021128-3\Client2D\Include\Object\GameMapObj.cpp(4713,42): warning C4267: '초기화 중': 'size_t'에서 'int'(으)로 변환하면서 데이터가 손실될 수 있습니다.
C:\Users\user\Desktop\2021128-3\Client2D\Include\Object\GameMapObj.cpp(4753,41): warning C4267: '초기화 중': 'size_t'에서 'int'(으)로 변환하면서 데이터가 손실될 수 있습니다.
C:\Users\user\Desktop\2021128-3\Client2D\Include\Object\GameMapObj.cpp(4782,42): warning C4267: '초기화 중': 'size_t'에서 'int'(으)로 변환하면서 데이터가 손실될 수 있습니다.
C:\Users\user\Desktop\2021128-3\Client2D\Include\Object\GameMapObj.cpp(4822,41): warning C4267: '초기화 중': 'size_t'에서 'int'(으)로 변환하면서 데이터가 손실될 수 있습니다.
  Client2D.vcxproj -> C:\Users\user\Desktop\2021128-3\Client2D\Bin\Client2D_Debug.exe
